INFO 2026-05-15 19:44:31,267 apps AXES: BEGIN version 8.3.1, blocking by username or ip_address
INFO 2026-05-15 19:44:33,417 apps AXES: BEGIN version 8.3.1, blocking by username or ip_address
INFO 2026-05-15 19:44:46,147 apps AXES: BEGIN version 8.3.1, blocking by username or ip_address
INFO 2026-05-15 19:44:55,158 apps AXES: BEGIN version 8.3.1, blocking by username or ip_address
INFO 2026-05-15 19:45:05,578 apps AXES: BEGIN version 8.3.1, blocking by username or ip_address
INFO 2026-05-15 19:45:06,761 apps AXES: BEGIN version 8.3.1, blocking by username or ip_address
INFO 2026-05-15 19:47:36,395 database AXES: User login failed, running database handler for failure.
INFO 2026-05-15 19:47:36,398 database AXES: Cleaned up 0 expired access attempts from database that were older than 2026-05-15 11:47:36.002116+00:00
WARNING 2026-05-15 19:47:36,404 database AXES: New login failure by {username: "********************", ip_address: "********************", user_agent: "Thunder Client (https://www.thunderclient.com)", path_info: "/api/users/login/"}. Created new record in the database.
WARNING 2026-05-15 19:47:36,410 views [AUTH FAILED] Login attempt/lockout for user: admin_kantin from IP: 127.0.0.1
INFO 2026-05-15 19:48:10,389 database AXES: User login failed, running database handler for failure.
INFO 2026-05-15 19:48:10,391 database AXES: Cleaned up 0 expired access attempts from database that were older than 2026-05-15 11:48:09.799527+00:00
WARNING 2026-05-15 19:48:10,396 database AXES: New login failure by {username: "********************", ip_address: "********************", user_agent: "Thunder Client (https://www.thunderclient.com)", path_info: "/api/users/login/"}. Created new record in the database.
WARNING 2026-05-15 19:48:10,401 views [AUTH FAILED] Login attempt/lockout for user: poli from IP: 127.0.0.1
INFO 2026-05-15 19:48:21,011 database AXES: User login failed, running database handler for failure.
INFO 2026-05-15 19:48:21,014 database AXES: Cleaned up 0 expired access attempts from database that were older than 2026-05-15 11:48:20.073598+00:00
WARNING 2026-05-15 19:48:21,020 database AXES: New login failure by {username: "********************", ip_address: "********************", user_agent: "Mozilla/5.0 (Windows NT 10.0; Win64; x64) AppleWebKit/537.36 (KHTML, like Gecko) Chrome/148.0.0.0 Safari/537.36", path_info: "/panel-knt-rahasia/login/"}. Created new record in the database.
INFO 2026-05-15 19:48:25,700 database AXES: User login failed, running database handler for failure.
INFO 2026-05-15 19:48:25,702 database AXES: Cleaned up 0 expired access attempts from database that were older than 2026-05-15 11:48:24.903040+00:00
WARNING 2026-05-15 19:48:25,709 database AXES: New login failure by {username: "********************", ip_address: "********************", user_agent: "Mozilla/5.0 (Windows NT 10.0; Win64; x64) AppleWebKit/537.36 (KHTML, like Gecko) Chrome/148.0.0.0 Safari/537.36", path_info: "/panel-knt-rahasia/login/"}. Created new record in the database.
INFO 2026-05-15 19:48:54,487 apps AXES: BEGIN version 8.3.1, blocking by username or ip_address
INFO 2026-05-15 19:49:24,296 views [AUTH SUCCESS] User: poli logged in successfully from IP: 127.0.0.1
INFO 2026-05-15 19:53:26,737 views [AUTH SUCCESS] User: poli logged in successfully from IP: 127.0.0.1
INFO 2026-05-15 19:57:51,619 apps AXES: BEGIN version 8.3.1, blocking by username or ip_address
INFO 2026-05-15 19:57:58,611 apps AXES: BEGIN version 8.3.1, blocking by username or ip_address
INFO 2026-05-15 19:58:43,970 apps AXES: BEGIN version 8.3.1, blocking by username or ip_address
INFO 2026-05-15 20:06:29,870 views [AUTH SUCCESS] User: poli logged in successfully from IP: 127.0.0.1
INFO 2026-05-15 20:12:14,763 views [AUTH SUCCESS] User: poli logged in successfully from IP: 127.0.0.1
INFO 2026-05-15 20:13:03,212 apps AXES: BEGIN version 8.3.1, blocking by username or ip_address
INFO 2026-05-15 20:13:04,252 apps AXES: BEGIN version 8.3.1, blocking by username or ip_address
INFO 2026-05-15 20:16:09,335 views [AUTH SUCCESS] User: poli logged in successfully from IP: 127.0.0.1
INFO 2026-05-15 20:27:44,008 apps AXES: BEGIN version 8.3.1, blocking by username or ip_address
INFO 2026-05-16 12:15:11,651 apps AXES: BEGIN version 8.3.1, blocking by username or ip_address
INFO 2026-05-16 12:15:35,420 apps AXES: BEGIN version 8.3.1, blocking by username or ip_address
INFO 2026-05-16 12:15:44,300 apps AXES: BEGIN version 8.3.1, blocking by username or ip_address
INFO 2026-05-16 12:15:45,516 apps AXES: BEGIN version 8.3.1, blocking by username or ip_address
INFO 2026-05-16 12:17:06,535 apps AXES: BEGIN version 8.3.1, blocking by username or ip_address
INFO 2026-05-16 12:19:22,251 apps AXES: BEGIN version 8.3.1, blocking by username or ip_address
INFO 2026-05-16 12:19:37,166 apps AXES: BEGIN version 8.3.1, blocking by username or ip_address
INFO 2026-05-16 12:22:24,470 apps AXES: BEGIN version 8.3.1, blocking by username or ip_address
INFO 2026-05-16 12:22:27,942 apps AXES: BEGIN version 8.3.1, blocking by username or ip_address
INFO 2026-05-16 12:28:30,271 apps AXES: BEGIN version 8.3.1, blocking by username or ip_address
INFO 2026-05-16 12:28:38,093 apps AXES: BEGIN version 8.3.1, blocking by username or ip_address
INFO 2026-05-18 12:09:48,082 apps AXES: BEGIN version 8.3.1, blocking by username or ip_address
INFO 2026-05-18 12:09:55,259 apps AXES: BEGIN version 8.3.1, blocking by username or ip_address
INFO 2026-05-18 12:35:31,425 apps AXES: BEGIN version 8.3.1, blocking by username or ip_address
INFO 2026-05-18 12:36:17,846 apps AXES: BEGIN version 8.3.1, blocking by username or ip_address
INFO 2026-05-18 12:36:22,366 apps AXES: BEGIN version 8.3.1, blocking by username or ip_address
INFO 2026-05-18 12:37:56,450 apps AXES: BEGIN version 8.3.1, blocking by username or ip_address
INFO 2026-05-20 19:54:23,598 apps AXES: BEGIN version 8.3.1, blocking by username or ip_address
INFO 2026-05-20 19:54:27,015 apps AXES: BEGIN version 8.3.1, blocking by username or ip_address
INFO 2026-05-20 19:54:27,015 apps AXES: BEGIN version 8.3.1, blocking by username or ip_address
INFO 2026-05-20 19:54:27,023 apps AXES: BEGIN version 8.3.1, blocking by username or ip_address
INFO 2026-05-20 19:54:27,023 apps AXES: BEGIN version 8.3.1, blocking by username or ip_address
INFO 2026-05-20 19:54:27,060 apps AXES: BEGIN version 8.3.1, blocking by username or ip_address
INFO 2026-05-20 19:54:27,078 apps AXES: BEGIN version 8.3.1, blocking by username or ip_address
INFO 2026-05-20 19:54:27,080 apps AXES: BEGIN version 8.3.1, blocking by username or ip_address
INFO 2026-05-20 19:54:27,081 apps AXES: BEGIN version 8.3.1, blocking by username or ip_address
INFO 2026-05-20 19:54:27,081 apps AXES: BEGIN version 8.3.1, blocking by username or ip_address
INFO 2026-05-20 19:54:27,084 apps AXES: BEGIN version 8.3.1, blocking by username or ip_address
INFO 2026-05-20 19:54:27,086 apps AXES: BEGIN version 8.3.1, blocking by username or ip_address
INFO 2026-05-20 19:54:27,103 apps AXES: BEGIN version 8.3.1, blocking by username or ip_address
INFO 2026-05-20 19:54:27,131 apps AXES: BEGIN version 8.3.1, blocking by username or ip_address
INFO 2026-05-20 19:54:27,134 apps AXES: BEGIN version 8.3.1, blocking by username or ip_address
INFO 2026-05-20 19:54:27,160 apps AXES: BEGIN version 8.3.1, blocking by username or ip_address
INFO 2026-05-20 19:54:27,176 apps AXES: BEGIN version 8.3.1, blocking by username or ip_address
INFO 2026-05-20 19:54:29,690 apps AXES: BEGIN version 8.3.1, blocking by username or ip_address
INFO 2026-05-20 19:54:29,690 apps AXES: BEGIN version 8.3.1, blocking by username or ip_address
INFO 2026-05-20 19:54:29,702 apps AXES: BEGIN version 8.3.1, blocking by username or ip_address
INFO 2026-05-20 19:54:29,707 apps AXES: BEGIN version 8.3.1, blocking by username or ip_address
INFO 2026-05-20 19:54:31,703 apps AXES: BEGIN version 8.3.1, blocking by username or ip_address
INFO 2026-05-20 19:54:34,024 apps AXES: BEGIN version 8.3.1, blocking by username or ip_address
INFO 2026-05-20 19:55:26,907 apps AXES: BEGIN version 8.3.1, blocking by username or ip_address
INFO 2026-05-20 19:55:28,175 apps AXES: BEGIN version 8.3.1, blocking by username or ip_address
INFO 2026-05-20 19:56:05,274 apps AXES: BEGIN version 8.3.1, blocking by username or ip_address
INFO 2026-05-20 19:58:52,880 apps AXES: BEGIN version 8.3.1, blocking by username or ip_address
INFO 2026-05-20 19:58:59,314 apps AXES: BEGIN version 8.3.1, blocking by username or ip_address
INFO 2026-05-20 19:59:07,301 apps AXES: BEGIN version 8.3.1, blocking by username or ip_address
INFO 2026-05-20 19:59:15,498 apps AXES: BEGIN version 8.3.1, blocking by username or ip_address
INFO 2026-05-20 19:59:23,938 apps AXES: BEGIN version 8.3.1, blocking by username or ip_address
INFO 2026-05-20 19:59:36,170 apps AXES: BEGIN version 8.3.1, blocking by username or ip_address
INFO 2026-05-20 19:59:39,823 apps AXES: BEGIN version 8.3.1, blocking by username or ip_address
INFO 2026-05-20 19:59:47,455 apps AXES: BEGIN version 8.3.1, blocking by username or ip_address
INFO 2026-05-20 19:59:54,117 apps AXES: BEGIN version 8.3.1, blocking by username or ip_address
INFO 2026-05-20 19:59:55,030 apps AXES: BEGIN version 8.3.1, blocking by username or ip_address
INFO 2026-05-20 19:59:59,949 views [AUTH SUCCESS] User: poli logged in successfully from IP: 127.0.0.1
INFO 2026-05-20 20:05:00,696 views [MFA ENABLED] User: poli successfully enabled MFA.
INFO 2026-05-20 20:06:02,585 views [MFA REQUIRED] User: poli needs to provide OTP from IP: 127.0.0.1
WARNING 2026-05-20 20:07:10,515 views [MFA FAILED] User: poli failed OTP verification from IP: 127.0.0.1
INFO 2026-05-20 20:07:28,950 views [AUTH SUCCESS] User: poli logged in successfully from IP: 127.0.0.1
INFO 2026-05-20 20:13:42,719 apps AXES: BEGIN version 8.3.1, blocking by username or ip_address
INFO 2026-05-20 21:45:36,215 views [MFA REQUIRED] User: poli needs to provide OTP from IP: 127.0.0.1
INFO 2026-05-20 21:45:59,798 views [AUTH SUCCESS] User: poli logged in successfully from IP: 127.0.0.1
INFO 2026-05-20 22:00:33,204 database AXES: User login failed, running database handler for failure.
INFO 2026-05-20 22:00:33,224 database AXES: Cleaned up 4 expired access attempts from database that were older than 2026-05-20 14:00:32.480372+00:00
WARNING 2026-05-20 22:00:33,236 database AXES: New login failure by {username: "********************", ip_address: "********************", user_agent: "Mozilla/5.0 (Windows NT 10.0; Win64; x64) AppleWebKit/537.36 (KHTML, like Gecko) Chrome/148.0.0.0 Safari/537.36", path_info: "/api/users/login/"}. Created new record in the database.
WARNING 2026-05-20 22:00:33,242 views [AUTH FAILED] Login attempt/lockout for user: Poli from IP: 127.0.0.1
